<?xml version="1.0" encoding="UTF-8"?>
<testng-results ignored="0" total="1" passed="1" failed="0" skipped="0">
  <reporter-output>
  </reporter-output>
  <suite started-at="2021-09-18T15:14:34Z" name="Surefire suite" finished-at="2021-09-18T15:14:56Z" duration-ms="22516">
    <groups>
    </groups>
    <test started-at="2021-09-18T15:14:34Z" name="Surefire test" finished-at="2021-09-18T15:14:56Z" duration-ms="22516">
      <class name="com.herokuapp.theinternet.PositiveTests">
        <test-method signature="loginTest()[pri:0, instance:com.herokuapp.theinternet.PositiveTests@1283bb96]" started-at="2021-09-18T15:14:34Z" name="loginTest" finished-at="2021-09-18T15:14:56Z" duration-ms="22504" status="PASS">
          <reporter-output>
          </reporter-output>
        </test-method> <!-- loginTest -->
      </class> <!-- com.herokuapp.theinternet.PositiveTests -->
    </test> <!-- Surefire test -->
  </suite> <!-- Surefire suite -->
</testng-results>
