<?xml version="1.0" encoding="UTF-8"?>
<!-- Generated by org.testng.reporters.JUnitXMLReporter -->
<testsuite ignored="0" hostname="DESKTOP-LOU28VT" failures="0" tests="2" name="Default test" time="51.773" errors="0" timestamp="22 Sep 2021 22:59:48 GMT">
  <testcase classname="com.herokuapp.theinternet.NegativeTests" name="incorrectPasswordTest" time="29.388"/>
  <testcase classname="com.herokuapp.theinternet.NegativeTests" name="incorrectUsernameTests" time="22.367"/>
</testsuite> <!-- Default test -->
